0 info it worked if it ends with ok
1 verbose cli [ 'C:\\Program Files\\nodejs\\node.exe',
1 verbose cli   'C:\\Users\\win7\\AppData\\Roaming\\npm\\node_modules\\npm\\bin\\npm-cli.js',
1 verbose cli   'install',
1 verbose cli   'nodejieba' ]
2 info using npm@2.15.9
3 info using node@v10.13.0
4 verbose install initial load of D:\develop\exp\jieba\package.json
5 warn package.json jieba@1.0.0 No repository field.
6 verbose installManyTop reading scoped package data from D:\develop\exp\jieba\node_modules\abbrev\package.json
7 verbose installManyTop reading scoped package data from D:\develop\exp\jieba\node_modules\ansi-regex\package.json
8 verbose installManyTop reading scoped package data from D:\develop\exp\jieba\node_modules\aproba\package.json
9 verbose installManyTop reading scoped package data from D:\develop\exp\jieba\node_modules\are-we-there-yet\package.json
10 verbose installManyTop reading scoped package data from D:\develop\exp\jieba\node_modules\buffer-shims\package.json
11 verbose installManyTop reading scoped package data from D:\develop\exp\jieba\node_modules\code-point-at\package.json
12 verbose installManyTop reading scoped package data from D:\develop\exp\jieba\node_modules\console-control-strings\package.json
13 verbose installManyTop reading scoped package data from D:\develop\exp\jieba\node_modules\core-util-is\package.json
14 verbose installManyTop reading scoped package data from D:\develop\exp\jieba\node_modules\delegates\package.json
15 verbose installManyTop reading scoped package data from D:\develop\exp\jieba\node_modules\detect-libc\package.json
16 verbose installManyTop reading scoped package data from D:\develop\exp\jieba\node_modules\gauge\package.json
17 verbose installManyTop reading scoped package data from D:\develop\exp\jieba\node_modules\has-unicode\package.json
18 verbose installManyTop reading scoped package data from D:\develop\exp\jieba\node_modules\inherits\package.json
19 verbose installManyTop reading scoped package data from D:\develop\exp\jieba\node_modules\is-fullwidth-code-point\package.json
20 verbose installManyTop reading scoped package data from D:\develop\exp\jieba\node_modules\isarray\package.json
21 verbose installManyTop reading scoped package data from D:\develop\exp\jieba\node_modules\node-pre-gyp\package.json
22 verbose installManyTop reading scoped package data from D:\develop\exp\jieba\node_modules\nodejieba\package.json
23 verbose installManyTop reading scoped package data from D:\develop\exp\jieba\node_modules\npmlog\package.json
24 verbose installManyTop reading scoped package data from D:\develop\exp\jieba\node_modules\number-is-nan\package.json
25 verbose installManyTop reading scoped package data from D:\develop\exp\jieba\node_modules\object-assign\package.json
26 verbose installManyTop reading scoped package data from D:\develop\exp\jieba\node_modules\os-homedir\package.json
27 verbose installManyTop reading scoped package data from D:\develop\exp\jieba\node_modules\os-tmpdir\package.json
28 verbose installManyTop reading scoped package data from D:\develop\exp\jieba\node_modules\osenv\package.json
29 verbose installManyTop reading scoped package data from D:\develop\exp\jieba\node_modules\process-nextick-args\package.json
30 verbose installManyTop reading scoped package data from D:\develop\exp\jieba\node_modules\readable-stream\package.json
31 verbose installManyTop reading scoped package data from D:\develop\exp\jieba\node_modules\semver\package.json
32 verbose installManyTop reading scoped package data from D:\develop\exp\jieba\node_modules\set-blocking\package.json
33 verbose installManyTop reading scoped package data from D:\develop\exp\jieba\node_modules\signal-exit\package.json
34 verbose installManyTop reading scoped package data from D:\develop\exp\jieba\node_modules\string-width\package.json
35 verbose installManyTop reading scoped package data from D:\develop\exp\jieba\node_modules\strip-ansi\package.json
36 verbose installManyTop reading scoped package data from D:\develop\exp\jieba\node_modules\util-deprecate\package.json
37 verbose installManyTop reading scoped package data from D:\develop\exp\jieba\node_modules\wide-align\package.json
38 verbose readDependencies loading dependencies from D:\develop\exp\jieba\package.json
39 verbose install nodejieba is installed as 2.4.1
40 silly cache add args [ 'nodejieba@^2.4.1', null ]
41 verbose cache add spec nodejieba@^2.4.1
42 silly cache add parsed spec Result {
42 silly cache add   raw: 'nodejieba@^2.4.1',
42 silly cache add   scope: null,
42 silly cache add   name: 'nodejieba',
42 silly cache add   rawSpec: '^2.4.1',
42 silly cache add   spec: '>=2.4.1 <3.0.0',
42 silly cache add   type: 'range' }
43 silly addNamed nodejieba@>=2.4.1 <3.0.0
44 verbose addNamed ">=2.4.1 <3.0.0" is a valid semver range for nodejieba
45 silly addNameRange { name: 'nodejieba', range: '>=2.4.1 <3.0.0', hasData: false }
46 silly mapToRegistry name nodejieba
47 silly mapToRegistry using default registry
48 silly mapToRegistry registry https://registry.npm.taobao.org/
49 silly mapToRegistry data Result {
49 silly mapToRegistry   raw: 'nodejieba',
49 silly mapToRegistry   scope: null,
49 silly mapToRegistry   name: 'nodejieba',
49 silly mapToRegistry   rawSpec: '',
49 silly mapToRegistry   spec: 'latest',
49 silly mapToRegistry   type: 'tag' }
50 silly mapToRegistry uri https://registry.npm.taobao.org/nodejieba
51 verbose addNameRange registry:https://registry.npm.taobao.org/nodejieba not in flight; fetching
52 verbose request uri https://registry.npm.taobao.org/nodejieba
53 verbose request no auth needed
54 info attempt registry request try #1 at 17:58:29
55 verbose request id 69efe9c0441c9260
56 verbose etag W/"0faf87ebb675c8a6c1c626a2e99bee4a"
57 http request GET https://registry.npm.taobao.org/nodejieba
58 info retry will retry, error on last attempt: Error: unexpected end of file
59 info attempt registry request try #2 at 17:58:41
60 verbose etag W/"0faf87ebb675c8a6c1c626a2e99bee4a"
61 http request GET https://registry.npm.taobao.org/nodejieba
62 info retry will retry, error on last attempt: Error: unexpected end of file
63 info attempt registry request try #3 at 17:59:41
64 verbose etag W/"0faf87ebb675c8a6c1c626a2e99bee4a"
65 http request GET https://registry.npm.taobao.org/nodejieba
66 silly get cb [ 304, undefined ]
67 verbose etag https://registry.npm.taobao.org/nodejieba from cache
68 verbose get saving nodejieba to C:\Users\win7\AppData\Roaming\npm-cache\registry.npm.taobao.org\nodejieba\.cache.json
69 verbose correctMkdir C:\Users\win7\AppData\Roaming\npm-cache correctMkdir not in flight; initializing
70 silly addNameRange number 2 { name: 'nodejieba', range: '>=2.4.1 <3.0.0', hasData: true }
71 silly addNameRange versions [ 'nodejieba',
71 silly addNameRange   [ '2.4.1',
71 silly addNameRange     '2.4.0',
71 silly addNameRange     '2.3.5',
71 silly addNameRange     '2.3.3',
71 silly addNameRange     '2.3.2',
71 silly addNameRange     '2.3.1',
71 silly addNameRange     '2.3.0',
71 silly addNameRange     '2.2.7',
71 silly addNameRange     '2.2.6',
71 silly addNameRange     '2.2.5',
71 silly addNameRange     '2.2.4',
71 silly addNameRange     '2.2.3',
71 silly addNameRange     '2.2.2',
71 silly addNameRange     '2.2.1',
71 silly addNameRange     '2.2.0',
71 silly addNameRange     '2.1.0',
71 silly addNameRange     '2.0.0',
71 silly addNameRange     '1.4.11',
71 silly addNameRange     '1.4.10',
71 silly addNameRange     '1.4.9',
71 silly addNameRange     '1.4.8',
71 silly addNameRange     '1.4.7',
71 silly addNameRange     '1.4.6',
71 silly addNameRange     '1.4.5',
71 silly addNameRange     '1.4.4',
71 silly addNameRange     '1.4.3',
71 silly addNameRange     '1.4.2',
71 silly addNameRange     '1.4.1',
71 silly addNameRange     '1.4.0',
71 silly addNameRange     '1.3.0',
71 silly addNameRange     '1.2.2',
71 silly addNameRange     '1.2.1',
71 silly addNameRange     '1.2.0',
71 silly addNameRange     '1.1.0',
71 silly addNameRange     '1.0.3',
71 silly addNameRange     '1.0.2',
71 silly addNameRange     '1.0.1',
71 silly addNameRange     '1.0.0',
71 silly addNameRange     '0.2.13',
71 silly addNameRange     '0.2.12',
71 silly addNameRange     '0.2.11',
71 silly addNameRange     '0.2.10',
71 silly addNameRange     '0.2.9',
71 silly addNameRange     '0.2.7',
71 silly addNameRange     '0.2.5',
71 silly addNameRange     '0.2.4',
71 silly addNameRange     '0.2.3',
71 silly addNameRange     '0.2.2',
71 silly addNameRange     '0.2.1',
71 silly addNameRange     '0.2.0',
71 silly addNameRange     '0.1.1',
71 silly addNameRange     '0.1.4',
71 silly addNameRange     '0.1.3',
71 silly addNameRange     '0.1.2',
71 silly addNameRange     '0.1.0' ] ]
72 silly addNamed nodejieba@2.4.1
73 verbose addNamed "2.4.1" is a plain semver version for nodejieba
74 silly cache afterAdd nodejieba@2.4.1
75 verbose afterAdd C:\Users\win7\AppData\Roaming\npm-cache\nodejieba\2.4.1\package\package.json not in flight; writing
76 verbose correctMkdir C:\Users\win7\AppData\Roaming\npm-cache correctMkdir not in flight; initializing
77 verbose afterAdd C:\Users\win7\AppData\Roaming\npm-cache\nodejieba\2.4.1\package\package.json written
78 silly install resolved [ { name: 'nodejieba',
78 silly install resolved     description: 'chinese word segmentation for node',
78 silly install resolved     version: '2.4.1',
78 silly install resolved     author: { name: 'Yanyi Wu', email: 'i@yanyiwu.com' },
78 silly install resolved     maintainers: [ [Object] ],
78 silly install resolved     main: './index.js',
78 silly install resolved     typings: 'types/index.d.ts',
78 silly install resolved     engines: { node: '>= 0.10.0', iojs: '>= 1.0.0' },
78 silly install resolved     repository:
78 silly install resolved      { type: 'git',
78 silly install resolved        url: 'git+ssh://git@github.com/yanyiwu/nodejieba.git' },
78 silly install resolved     keywords:
78 silly install resolved      [ 'chinese', 'segment', 'cppjieba', 'jieba', '中文分词', '结巴分词' ],
78 silly install resolved     dependencies: { nan: '^2.14.0', 'node-pre-gyp': '^0.14.0' },
78 silly install resolved     devDependencies:
78 silly install resolved      { coveralls: '~2.11.6',
78 silly install resolved        istanbul: '~0.4.1',
78 silly install resolved        mocha: '~2.4.5',
78 silly install resolved        should: '~8.3.1',
78 silly install resolved        typescript: '^3.0.1',
78 silly install resolved        'node-pre-gyp-github': '^1.4.3' },
78 silly install resolved     scripts:
78 silly install resolved      { test:
78 silly install resolved         'node test/demo.js && node test/load_dict_demo.js && mocha --timeout 10s -R spec test/test.js && mocha --timeout 10s -R spec test/load_dict_test.js',
78 silly install resolved        install: 'node-pre-gyp install --fallback-to-build' },
78 silly install resolved     binary:
78 silly install resolved      { module_name: 'nodejieba',
78 silly install resolved        module_path: './build/Release/',
78 silly install resolved        host: 'https://github.com/yanyiwu/nodejieba/releases/download/',
78 silly install resolved        remote_path: '{version}',
78 silly install resolved        package_name:
78 silly install resolved         '{module_name}-v{version}-{node_abi}-{platform}-{arch}.tar.gz' },
78 silly install resolved     license: 'MIT',
78 silly install resolved     gitHead: '034c6ad1b2fd49ccb9afbf96e56069e1a7b09da0',
78 silly install resolved     bugs: { url: 'https://github.com/yanyiwu/nodejieba/issues' },
78 silly install resolved     homepage: 'https://github.com/yanyiwu/nodejieba#readme',
78 silly install resolved     _id: 'nodejieba@2.4.1',
78 silly install resolved     _shasum: '2c3e422fbcc6d8d449f2d02226da053ba594736c',
78 silly install resolved     _from: 'nodejieba@>=2.4.1 <3.0.0',
78 silly install resolved     _npmVersion: '2.15.5',
78 silly install resolved     _nodeVersion: '4.4.5',
78 silly install resolved     _npmUser: { name: 'yanyiwu', email: 'i@yanyiwu.com' },
78 silly install resolved     dist:
78 silly install resolved      { shasum: '2c3e422fbcc6d8d449f2d02226da053ba594736c',
78 silly install resolved        size: 4300254,
78 silly install resolved        noattachment: false,
78 silly install resolved        tarball:
78 silly install resolved         'https://registry.npm.taobao.org/nodejieba/download/nodejieba-2.4.1.tgz' },
78 silly install resolved     directories: {},
78 silly install resolved     _npmOperationalInternal:
78 silly install resolved      { host: 's3://npm-registry-packages',
78 silly install resolved        tmp: 'tmp/nodejieba_2.4.1_1583898414897_0.2178465440295314' },
78 silly install resolved     _hasShrinkwrap: false,
78 silly install resolved     publish_time: 1583898415196,
78 silly install resolved     _cnpm_publish_time: 1583898415196,
78 silly install resolved     _resolved:
78 silly install resolved      'https://registry.npm.taobao.org/nodejieba/download/nodejieba-2.4.1.tgz',
78 silly install resolved     readme: 'ERROR: No README data found!' } ]
79 info install nodejieba@2.4.1 into D:\develop\exp\jieba
80 info installOne nodejieba@2.4.1
81 verbose installOne of nodejieba to D:\develop\exp\jieba not in flight; installing
82 verbose correctMkdir C:\Users\win7\AppData\Roaming\npm-cache\_locks correctMkdir not in flight; initializing
83 verbose lock using C:\Users\win7\AppData\Roaming\npm-cache\_locks\nodejieba-a282eca62b4e3092.lock for D:\develop\exp\jieba\node_modules\nodejieba
84 silly install write writing nodejieba 2.4.1 to D:\develop\exp\jieba\node_modules\nodejieba
85 verbose unbuild node_modules\nodejieba
86 info preuninstall nodejieba@2.4.1
87 info uninstall nodejieba@2.4.1
88 verbose unbuild rmStuff nodejieba@2.4.1 from D:\develop\exp\jieba\node_modules
89 info postuninstall nodejieba@2.4.1
90 silly gentlyRm D:\develop\exp\jieba\node_modules\nodejieba is being purged from base D:\develop\exp\jieba
91 verbose gentlyRm don't care about contents; nuking D:\develop\exp\jieba\node_modules\nodejieba
92 silly vacuum-fs purging D:\develop\exp\jieba\node_modules\nodejieba
93 silly vacuum-fs quitting because other entries in D:\develop\exp\jieba\node_modules
94 verbose tar unpack C:\Users\win7\AppData\Roaming\npm-cache\nodejieba\2.4.1\package.tgz
95 verbose tar unpacking to D:\develop\exp\jieba\node_modules\nodejieba
96 silly gentlyRm D:\develop\exp\jieba\node_modules\nodejieba is being purged
97 verbose gentlyRm don't care about contents; nuking D:\develop\exp\jieba\node_modules\nodejieba
98 silly gunzTarPerm modes [ '777', '666' ]
99 silly gunzTarPerm extractEntry package.json
100 silly gunzTarPerm modified mode [ 'package.json', 420, 438 ]
101 silly gunzTarPerm extractEntry .npmignore
102 silly gunzTarPerm modified mode [ '.npmignore', 420, 438 ]
103 silly gunzTarPerm extractEntry README.md
104 silly gunzTarPerm modified mode [ 'README.md', 420, 438 ]
105 silly gunzTarPerm extractEntry index.js
106 silly gunzTarPerm modified mode [ 'index.js', 420, 438 ]
107 silly gunzTarPerm extractEntry dict/hmm_model.utf8
108 silly gunzTarPerm modified mode [ 'dict/hmm_model.utf8', 420, 438 ]
109 silly gunzTarPerm extractEntry dict/idf.utf8
110 silly gunzTarPerm modified mode [ 'dict/idf.utf8', 420, 438 ]
111 silly gunzTarPerm extractEntry dict/jieba.dict.utf8
112 silly gunzTarPerm modified mode [ 'dict/jieba.dict.utf8', 420, 438 ]
113 silly gunzTarPerm extractEntry dict/stop_words.utf8
114 silly gunzTarPerm modified mode [ 'dict/stop_words.utf8', 420, 438 ]
115 silly gunzTarPerm extractEntry dict/user.dict.utf8
116 silly gunzTarPerm modified mode [ 'dict/user.dict.utf8', 420, 438 ]
117 silly gunzTarPerm extractEntry README_EN.md
118 silly gunzTarPerm modified mode [ 'README_EN.md', 420, 438 ]
119 silly gunzTarPerm extractEntry binding.gyp
120 silly gunzTarPerm modified mode [ 'binding.gyp', 420, 438 ]
121 silly gunzTarPerm extractEntry deps/cppjieba/PosTagger.hpp
122 silly gunzTarPerm modified mode [ 'deps/cppjieba/PosTagger.hpp', 420, 438 ]
123 silly gunzTarPerm extractEntry deps/cppjieba/DictTrie.hpp
124 silly gunzTarPerm modified mode [ 'deps/cppjieba/DictTrie.hpp', 420, 438 ]
125 silly gunzTarPerm extractEntry deps/cppjieba/HMMModel.hpp
126 silly gunzTarPerm modified mode [ 'deps/cppjieba/HMMModel.hpp', 420, 438 ]
127 silly gunzTarPerm extractEntry deps/cppjieba/HMMSegment.hpp
128 silly gunzTarPerm modified mode [ 'deps/cppjieba/HMMSegment.hpp', 420, 438 ]
129 silly gunzTarPerm extractEntry deps/cppjieba/Jieba.hpp
130 silly gunzTarPerm modified mode [ 'deps/cppjieba/Jieba.hpp', 420, 438 ]
131 silly gunzTarPerm extractEntry deps/cppjieba/KeywordExtractor.hpp
132 silly gunzTarPerm modified mode [ 'deps/cppjieba/KeywordExtractor.hpp', 420, 438 ]
133 silly gunzTarPerm extractEntry deps/cppjieba/MPSegment.hpp
134 silly gunzTarPerm modified mode [ 'deps/cppjieba/MPSegment.hpp', 420, 438 ]
135 silly gunzTarPerm extractEntry deps/cppjieba/MixSegment.hpp
136 silly gunzTarPerm modified mode [ 'deps/cppjieba/MixSegment.hpp', 420, 438 ]
137 silly gunzTarPerm extractEntry deps/cppjieba/FullSegment.hpp
138 silly gunzTarPerm modified mode [ 'deps/cppjieba/FullSegment.hpp', 420, 438 ]
139 silly gunzTarPerm extractEntry deps/cppjieba/PreFilter.hpp
140 silly gunzTarPerm modified mode [ 'deps/cppjieba/PreFilter.hpp', 420, 438 ]
141 silly gunzTarPerm extractEntry deps/cppjieba/QuerySegment.hpp
142 silly gunzTarPerm modified mode [ 'deps/cppjieba/QuerySegment.hpp', 420, 438 ]
143 silly gunzTarPerm extractEntry deps/cppjieba/SegmentBase.hpp
144 silly gunzTarPerm modified mode [ 'deps/cppjieba/SegmentBase.hpp', 420, 438 ]
145 silly gunzTarPerm extractEntry deps/cppjieba/SegmentTagged.hpp
146 silly gunzTarPerm modified mode [ 'deps/cppjieba/SegmentTagged.hpp', 420, 438 ]
147 silly gunzTarPerm extractEntry deps/cppjieba/TextRankExtractor.hpp
148 silly gunzTarPerm modified mode [ 'deps/cppjieba/TextRankExtractor.hpp', 420, 438 ]
149 silly gunzTarPerm extractEntry deps/cppjieba/Trie.hpp
150 silly gunzTarPerm modified mode [ 'deps/cppjieba/Trie.hpp', 420, 438 ]
151 silly gunzTarPerm extractEntry deps/cppjieba/Unicode.hpp
152 silly gunzTarPerm modified mode [ 'deps/cppjieba/Unicode.hpp', 420, 438 ]
153 silly gunzTarPerm extractEntry deps/limonp/ForcePublic.hpp
154 silly gunzTarPerm modified mode [ 'deps/limonp/ForcePublic.hpp', 420, 438 ]
155 silly gunzTarPerm extractEntry deps/limonp/ArgvContext.hpp
156 silly gunzTarPerm modified mode [ 'deps/limonp/ArgvContext.hpp', 420, 438 ]
157 silly gunzTarPerm extractEntry deps/limonp/BoundedBlockingQueue.hpp
158 silly gunzTarPerm modified mode [ 'deps/limonp/BoundedBlockingQueue.hpp', 420, 438 ]
159 silly gunzTarPerm extractEntry deps/limonp/BoundedQueue.hpp
160 silly gunzTarPerm modified mode [ 'deps/limonp/BoundedQueue.hpp', 420, 438 ]
161 silly gunzTarPerm extractEntry deps/limonp/Closure.hpp
162 silly gunzTarPerm modified mode [ 'deps/limonp/Closure.hpp', 420, 438 ]
163 silly gunzTarPerm extractEntry deps/limonp/Colors.hpp
164 silly gunzTarPerm modified mode [ 'deps/limonp/Colors.hpp', 420, 438 ]
165 silly gunzTarPerm extractEntry deps/limonp/Condition.hpp
166 silly gunzTarPerm modified mode [ 'deps/limonp/Condition.hpp', 420, 438 ]
167 silly gunzTarPerm extractEntry deps/limonp/Config.hpp
168 silly gunzTarPerm modified mode [ 'deps/limonp/Config.hpp', 420, 438 ]
169 silly gunzTarPerm extractEntry deps/limonp/FileLock.hpp
170 silly gunzTarPerm modified mode [ 'deps/limonp/FileLock.hpp', 420, 438 ]
171 silly gunzTarPerm extractEntry deps/limonp/BlockingQueue.hpp
172 silly gunzTarPerm modified mode [ 'deps/limonp/BlockingQueue.hpp', 420, 438 ]
173 silly gunzTarPerm extractEntry deps/limonp/LocalVector.hpp
174 silly gunzTarPerm modified mode [ 'deps/limonp/LocalVector.hpp', 420, 438 ]
175 silly gunzTarPerm extractEntry deps/limonp/Logging.hpp
176 silly gunzTarPerm modified mode [ 'deps/limonp/Logging.hpp', 420, 438 ]
177 silly gunzTarPerm extractEntry deps/limonp/Md5.hpp
178 silly gunzTarPerm modified mode [ 'deps/limonp/Md5.hpp', 420, 438 ]
179 silly gunzTarPerm extractEntry deps/limonp/MutexLock.hpp
180 silly gunzTarPerm modified mode [ 'deps/limonp/MutexLock.hpp', 420, 438 ]
181 silly gunzTarPerm extractEntry deps/limonp/NonCopyable.hpp
182 silly gunzTarPerm modified mode [ 'deps/limonp/NonCopyable.hpp', 420, 438 ]
183 silly gunzTarPerm extractEntry deps/limonp/StdExtension.hpp
184 silly gunzTarPerm modified mode [ 'deps/limonp/StdExtension.hpp', 420, 438 ]
185 silly gunzTarPerm extractEntry deps/limonp/StringUtil.hpp
186 silly gunzTarPerm modified mode [ 'deps/limonp/StringUtil.hpp', 420, 438 ]
187 silly gunzTarPerm extractEntry deps/limonp/Thread.hpp
188 silly gunzTarPerm modified mode [ 'deps/limonp/Thread.hpp', 420, 438 ]
189 silly gunzTarPerm extractEntry deps/limonp/ThreadPool.hpp
190 silly gunzTarPerm modified mode [ 'deps/limonp/ThreadPool.hpp', 420, 438 ]
191 silly gunzTarPerm extractEntry .travis.yml
192 silly gunzTarPerm modified mode [ '.travis.yml', 420, 438 ]
193 silly gunzTarPerm extractEntry ChangeLog.md
194 silly gunzTarPerm modified mode [ 'ChangeLog.md', 420, 438 ]
195 silly gunzTarPerm extractEntry lib/index.cpp
196 silly gunzTarPerm modified mode [ 'lib/index.cpp', 420, 438 ]
197 silly gunzTarPerm extractEntry lib/nodejieba.cpp
198 silly gunzTarPerm modified mode [ 'lib/nodejieba.cpp', 420, 438 ]
199 silly gunzTarPerm extractEntry lib/nodejieba.h
200 silly gunzTarPerm modified mode [ 'lib/nodejieba.h', 420, 438 ]
201 silly gunzTarPerm extractEntry lib/utils.h
202 silly gunzTarPerm modified mode [ 'lib/utils.h', 420, 438 ]
203 silly gunzTarPerm extractEntry types/index.d.ts
204 silly gunzTarPerm modified mode [ 'types/index.d.ts', 420, 438 ]
205 silly gunzTarPerm extractEntry test/demo.js
206 silly gunzTarPerm modified mode [ 'test/demo.js', 420, 438 ]
207 silly gunzTarPerm extractEntry test/load_dict_demo.js
208 silly gunzTarPerm modified mode [ 'test/load_dict_demo.js', 420, 438 ]
209 silly gunzTarPerm extractEntry test/load_dict_test.js
210 silly gunzTarPerm modified mode [ 'test/load_dict_test.js', 420, 438 ]
211 silly gunzTarPerm extractEntry test/test.js
212 silly gunzTarPerm modified mode [ 'test/test.js', 420, 438 ]
213 silly gunzTarPerm extractEntry test/testdata/userdict.utf8
214 silly gunzTarPerm modified mode [ 'test/testdata/userdict.utf8', 420, 438 ]
215 silly gunzTarPerm extractEntry tsconfig.json
216 silly gunzTarPerm modified mode [ 'tsconfig.json', 420, 438 ]
217 silly gunzTarPerm extractEntry typescript_demo.ts
218 silly gunzTarPerm modified mode [ 'typescript_demo.ts', 420, 438 ]
219 verbose write writing to D:\develop\exp\jieba\node_modules\nodejieba\package.json
220 info preinstall nodejieba@2.4.1
221 verbose readDependencies loading dependencies from D:\develop\exp\jieba\node_modules\nodejieba\package.json
222 silly prepareForInstallMany adding nan@^2.14.0 from nodejieba dependencies
223 verbose readDependencies loading dependencies from D:\develop\exp\jieba\node_modules\nodejieba\package.json
224 silly cache add args [ 'nan@^2.14.0', null ]
225 verbose cache add spec nan@^2.14.0
226 silly cache add parsed spec Result {
226 silly cache add   raw: 'nan@^2.14.0',
226 silly cache add   scope: null,
226 silly cache add   name: 'nan',
226 silly cache add   rawSpec: '^2.14.0',
226 silly cache add   spec: '>=2.14.0 <3.0.0',
226 silly cache add   type: 'range' }
227 silly addNamed nan@>=2.14.0 <3.0.0
228 verbose addNamed ">=2.14.0 <3.0.0" is a valid semver range for nan
229 silly addNameRange { name: 'nan', range: '>=2.14.0 <3.0.0', hasData: false }
230 silly mapToRegistry name nan
231 silly mapToRegistry using default registry
232 silly mapToRegistry registry https://registry.npm.taobao.org/
233 silly mapToRegistry data Result {
233 silly mapToRegistry   raw: 'nan',
233 silly mapToRegistry   scope: null,
233 silly mapToRegistry   name: 'nan',
233 silly mapToRegistry   rawSpec: '',
233 silly mapToRegistry   spec: 'latest',
233 silly mapToRegistry   type: 'tag' }
234 silly mapToRegistry uri https://registry.npm.taobao.org/nan
235 verbose addNameRange registry:https://registry.npm.taobao.org/nan not in flight; fetching
236 verbose request uri https://registry.npm.taobao.org/nan
237 verbose request no auth needed
238 info attempt registry request try #1 at 17:59:41
239 http request GET https://registry.npm.taobao.org/nan
240 http 200 https://registry.npm.taobao.org/nan
241 verbose headers { server: 'Tengine',
241 verbose headers   'content-type': 'application/json; charset=utf-8',
241 verbose headers   'content-length': '22961',
241 verbose headers   connection: 'keep-alive',
241 verbose headers   date: 'Wed, 29 Apr 2020 09:58:19 GMT',
241 verbose headers   'x-current-requests': '1',
241 verbose headers   vary: 'accept, accept-encoding',
241 verbose headers   etag: 'W/"626c1eee6e37b884fd8e0fc1a5e0d908"',
241 verbose headers   'cache-control': 'max-age=0, s-maxage=120, must-revalidate',
241 verbose headers   'x-readtime': '38',
241 verbose headers   via:
241 verbose headers    'cn44.l1, kunlun3.cn44, l2cn1837.l2, cache65.l2cn1837, izbp11dsagbzylz6yon5vtz, cache65.l2cn1837[62,304-0,H], cache44.l2cn1837[63,0], kunlun3.cn44[76,200-0,H], kunlun5.cn44[79,0]',
241 verbose headers   'content-encoding': 'gzip',
241 verbose headers   'ali-swift-global-savetime': '1587495733',
241 verbose headers   age: '0',
241 verbose headers   'x-cache': 'HIT TCP_REFRESH_HIT dirn:0:54497636',
241 verbose headers   'x-swift-savetime': 'Wed, 29 Apr 2020 09:58:19 GMT',
241 verbose headers   'x-swift-cachetime': '120',
241 verbose headers   'timing-allow-origin': '*',
241 verbose headers   eagleid: '7d4cf7a315881542992648342e' }
242 silly get cb [ 200,
242 silly get   { server: 'Tengine',
242 silly get     'content-type': 'application/json; charset=utf-8',
242 silly get     'content-length': '22961',
242 silly get     connection: 'keep-alive',
242 silly get     date: 'Wed, 29 Apr 2020 09:58:19 GMT',
242 silly get     'x-current-requests': '1',
242 silly get     vary: 'accept, accept-encoding',
242 silly get     etag: 'W/"626c1eee6e37b884fd8e0fc1a5e0d908"',
242 silly get     'cache-control': 'max-age=0, s-maxage=120, must-revalidate',
242 silly get     'x-readtime': '38',
242 silly get     via:
242 silly get      'cn44.l1, kunlun3.cn44, l2cn1837.l2, cache65.l2cn1837, izbp11dsagbzylz6yon5vtz, cache65.l2cn1837[62,304-0,H], cache44.l2cn1837[63,0], kunlun3.cn44[76,200-0,H], kunlun5.cn44[79,0]',
242 silly get     'content-encoding': 'gzip',
242 silly get     'ali-swift-global-savetime': '1587495733',
242 silly get     age: '0',
242 silly get     'x-cache': 'HIT TCP_REFRESH_HIT dirn:0:54497636',
242 silly get     'x-swift-savetime': 'Wed, 29 Apr 2020 09:58:19 GMT',
242 silly get     'x-swift-cachetime': '120',
242 silly get     'timing-allow-origin': '*',
242 silly get     eagleid: '7d4cf7a315881542992648342e' } ]
243 verbose get saving nan to C:\Users\win7\AppData\Roaming\npm-cache\registry.npm.taobao.org\nan\.cache.json
244 verbose correctMkdir C:\Users\win7\AppData\Roaming\npm-cache correctMkdir not in flight; initializing
245 silly addNameRange number 2 { name: 'nan', range: '>=2.14.0 <3.0.0', hasData: true }
246 silly addNameRange versions [ 'nan',
246 silly addNameRange   [ '2.14.1',
246 silly addNameRange     '2.14.0',
246 silly addNameRange     '2.13.2',
246 silly addNameRange     '2.13.1',
246 silly addNameRange     '2.13.0',
246 silly addNameRange     '2.12.1',
246 silly addNameRange     '2.12.0',
246 silly addNameRange     '2.11.1',
246 silly addNameRange     '2.11.0',
246 silly addNameRange     '2.10.0',
246 silly addNameRange     '2.9.2',
246 silly addNameRange     '2.9.1',
246 silly addNameRange     '2.8.0',
246 silly addNameRange     '2.7.0',
246 silly addNameRange     '2.6.2',
246 silly addNameRange     '2.6.1',
246 silly addNameRange     '2.6.0',
246 silly addNameRange     '2.5.1',
246 silly addNameRange     '2.5.0',
246 silly addNameRange     '2.4.0',
246 silly addNameRange     '2.3.5',
246 silly addNameRange     '2.3.4',
246 silly addNameRange     '2.3.3',
246 silly addNameRange     '2.3.2',
246 silly addNameRange     '2.3.1',
246 silly addNameRange     '2.3.0',
246 silly addNameRange     '2.2.1',
246 silly addNameRange     '2.2.0',
246 silly addNameRange     '2.1.0',
246 silly addNameRange     '2.0.9',
246 silly addNameRange     '2.0.8',
246 silly addNameRange     '2.0.7',
246 silly addNameRange     '2.0.6',
246 silly addNameRange     '2.0.5',
246 silly addNameRange     '2.0.4',
246 silly addNameRange     '2.0.3',
246 silly addNameRange     '2.0.2',
246 silly addNameRange     '2.0.1',
246 silly addNameRange     '2.0.0',
246 silly addNameRange     '1.9.0',
246 silly addNameRange     '1.8.4',
246 silly addNameRange     '1.8.3',
246 silly addNameRange     '1.8.2',
246 silly addNameRange     '1.8.1',
246 silly addNameRange     '1.8.0',
246 silly addNameRange     '1.7.0',
246 silly addNameRange     '1.6.2',
246 silly addNameRange     '1.6.1',
246 silly addNameRange     '1.5.3',
246 silly addNameRange     '1.6.0',
246 silly addNameRange     '1.5.2',
246 silly addNameRange     '1.5.1',
246 silly addNameRange     '1.4.3',
246 silly addNameRange     '1.4.2',
246 silly addNameRange     '1.5.0',
246 silly addNameRange     '1.4.1',
246 silly addNameRange     '1.4.0',
246 silly addNameRange     '1.3.0',
246 silly addNameRange     '1.2.0',
246 silly addNameRange     '1.1.2',
246 silly addNameRange     '1.1.1',
246 silly addNameRange     '1.1.0',
246 silly addNameRange     '1.0.0',
246 silly addNameRange     '0.8.0',
246 silly addNameRange     '0.7.1',
246 silly addNameRange     '0.7.0',
246 silly addNameRange     '0.6.0',
246 silly addNameRange     '0.5.2',
246 silly addNameRange     '0.5.1',
246 silly addNameRange     '0.5.0',
246 silly addNameRange     '0.4.4',
246 silly addNameRange     '0.4.3',
246 silly addNameRange     '0.4.2',
246 silly addNameRange     '0.4.1',
246 silly addNameRange     '0.4.0',
246 silly addNameRange     '0.3.2',
246 silly addNameRange     '0.3.1',
246 silly addNameRange     '0.3.0',
246 silly addNameRange     '0.3.0-wip2',
246 silly addNameRange     '0.3.0-wip' ] ]
247 silly addNamed nan@2.14.1
248 verbose addNamed "2.14.1" is a plain semver version for nan
249 silly mapToRegistry name nan
250 silly mapToRegistry using default registry
251 silly mapToRegistry registry https://registry.npm.taobao.org/
252 silly mapToRegistry data Result {
252 silly mapToRegistry   raw: 'nan',
252 silly mapToRegistry   scope: null,
252 silly mapToRegistry   name: 'nan',
252 silly mapToRegistry   rawSpec: '',
252 silly mapToRegistry   spec: 'latest',
252 silly mapToRegistry   type: 'tag' }
253 silly mapToRegistry uri https://registry.npm.taobao.org/nan
254 verbose addRemoteTarball https://registry.npm.taobao.org/nan/download/nan-2.14.1.tgz not in flight; adding
255 verbose addRemoteTarball [ 'https://registry.npm.taobao.org/nan/download/nan-2.14.1.tgz',
255 verbose addRemoteTarball   'd7be34dfa3105b91494c3147089315eff8874b01' ]
256 info retry fetch attempt 1 at 17:59:41
257 info attempt registry request try #1 at 17:59:41
258 http fetch GET https://registry.npm.taobao.org/nan/download/nan-2.14.1.tgz
259 http fetch 200 https://registry.npm.taobao.org/nan/download/nan-2.14.1.tgz
260 silly fetchAndShaCheck shasum d7be34dfa3105b91494c3147089315eff8874b01
261 verbose addTmpTarball C:\Users\win7\AppData\Local\Temp\npm-6284-d6304138\registry.npm.taobao.org\nan\download\nan-2.14.1.tgz not in flight; adding
262 verbose addTmpTarball already have metadata; skipping unpack for nan@2.14.1
263 verbose correctMkdir C:\Users\win7\AppData\Roaming\npm-cache correctMkdir not in flight; initializing
264 silly cache afterAdd nan@2.14.1
265 verbose afterAdd C:\Users\win7\AppData\Roaming\npm-cache\nan\2.14.1\package\package.json not in flight; writing
266 verbose correctMkdir C:\Users\win7\AppData\Roaming\npm-cache correctMkdir not in flight; initializing
267 verbose afterAdd C:\Users\win7\AppData\Roaming\npm-cache\nan\2.14.1\package\package.json written
268 silly install resolved [ { name: 'nan',
268 silly install resolved     version: '2.14.1',
268 silly install resolved     description:
268 silly install resolved      'Native Abstractions for Node.js: C++ header for Node 0.8 -> 14 compatibility',
268 silly install resolved     main: 'include_dirs.js',
268 silly install resolved     repository: { type: 'git', url: 'git://github.com/nodejs/nan.git' },
268 silly install resolved     scripts:
268 silly install resolved      { test: 'tap --gc --stderr test/js/*-test.js',
268 silly install resolved        'test:worker':
268 silly install resolved         'node --experimental-worker test/tap-as-worker.js --gc --stderr test/js/*-test.js',
268 silly install resolved        'rebuild-tests': 'node-gyp rebuild --msvs_version=2015 --directory test',
268 silly install resolved        docs: 'doc/.build.sh' },
268 silly install resolved     contributors:
268 silly install resolved      [ [Object],
268 silly install resolved        [Object],
268 silly install resolved        [Object],
268 silly install resolved        [Object],
268 silly install resolved        [Object],
268 silly install resolved        [Object],
268 silly install resolved        [Object],
268 silly install resolved        [Object] ],
268 silly install resolved     devDependencies:
268 silly install resolved      { bindings: '~1.2.1',
268 silly install resolved        commander: '^2.8.1',
268 silly install resolved        glob: '^5.0.14',
268 silly install resolved        request: '=2.81.0',
268 silly install resolved        'node-gyp': '~3.6.2',
268 silly install resolved        'readable-stream': '^2.1.4',
268 silly install resolved        tap: '~0.7.1',
268 silly install resolved        xtend: '~4.0.0' },
268 silly install resolved     license: 'MIT',
268 silly install resolved     gitHead: 'eaae2683a3df542376797a11385b87b9c0d071c5',
268 silly install resolved     bugs: { url: 'https://github.com/nodejs/nan/issues' },
268 silly install resolved     homepage: 'https://github.com/nodejs/nan#readme',
268 silly install resolved     _id: 'nan@2.14.1',
268 silly install resolved     _npmVersion: '5.6.0',
268 silly install resolved     _nodeVersion: '9.6.0',
268 silly install resolved     _npmUser: { name: 'kkoopa', email: 'bbyholm@abo.fi' },
268 silly install resolved     dist:
268 silly install resolved      { shasum: 'd7be34dfa3105b91494c3147089315eff8874b01',
268 silly install resolved        size: 75816,
268 silly install resolved        noattachment: false,
268 silly install resolved        tarball:
268 silly install resolved         'https://registry.npm.taobao.org/nan/download/nan-2.14.1.tgz' },
268 silly install resolved     maintainers: [ [Object], [Object] ],
268 silly install resolved     directories: {},
268 silly install resolved     _npmOperationalInternal:
268 silly install resolved      { host: 's3://npm-registry-packages',
268 silly install resolved        tmp: 'tmp/nan_2.14.1_1587495596751_0.585087272794657' },
268 silly install resolved     _hasShrinkwrap: false,
268 silly install resolved     publish_time: 1587495596894,
268 silly install resolved     _cnpm_publish_time: 1587495596894,
268 silly install resolved     _shasum: 'd7be34dfa3105b91494c3147089315eff8874b01',
268 silly install resolved     _resolved:
268 silly install resolved      'https://registry.npm.taobao.org/nan/download/nan-2.14.1.tgz',
268 silly install resolved     _from: 'nan@>=2.14.0 <3.0.0' } ]
269 info install nan@2.14.1 into D:\develop\exp\jieba\node_modules\nodejieba
270 info installOne nan@2.14.1
271 verbose installOne of nan to D:\develop\exp\jieba\node_modules\nodejieba not in flight; installing
272 verbose correctMkdir C:\Users\win7\AppData\Roaming\npm-cache\_locks correctMkdir not in flight; initializing
273 verbose lock using C:\Users\win7\AppData\Roaming\npm-cache\_locks\nan-37ff0ed4b42e29c8.lock for D:\develop\exp\jieba\node_modules\nodejieba\node_modules\nan
274 silly install write writing nan 2.14.1 to D:\develop\exp\jieba\node_modules\nodejieba\node_modules\nan
275 verbose unbuild node_modules\nodejieba\node_modules\nan
276 silly gentlyRm D:\develop\exp\jieba\node_modules\nodejieba\node_modules\nan is being purged from base D:\develop\exp\jieba
277 verbose gentlyRm don't care about contents; nuking D:\develop\exp\jieba\node_modules\nodejieba\node_modules\nan
278 verbose tar unpack C:\Users\win7\AppData\Roaming\npm-cache\nan\2.14.1\package.tgz
279 verbose tar unpacking to D:\develop\exp\jieba\node_modules\nodejieba\node_modules\nan
280 silly gentlyRm D:\develop\exp\jieba\node_modules\nodejieba\node_modules\nan is being purged
281 verbose gentlyRm don't care about contents; nuking D:\develop\exp\jieba\node_modules\nodejieba\node_modules\nan
282 silly gunzTarPerm modes [ '777', '666' ]
283 silly gunzTarPerm extractEntry package.json
284 silly gunzTarPerm modified mode [ 'package.json', 436, 438 ]
285 silly gunzTarPerm extractEntry CHANGELOG.md
286 silly gunzTarPerm modified mode [ 'CHANGELOG.md', 436, 438 ]
287 silly gunzTarPerm extractEntry include_dirs.js
288 silly gunzTarPerm modified mode [ 'include_dirs.js', 436, 438 ]
289 silly gunzTarPerm extractEntry LICENSE.md
290 silly gunzTarPerm modified mode [ 'LICENSE.md', 436, 438 ]
291 silly gunzTarPerm extractEntry nan_callbacks_12_inl.h
292 silly gunzTarPerm modified mode [ 'nan_callbacks_12_inl.h', 436, 438 ]
293 silly gunzTarPerm extractEntry nan_callbacks_pre_12_inl.h
294 silly gunzTarPerm modified mode [ 'nan_callbacks_pre_12_inl.h', 436, 438 ]
295 silly gunzTarPerm extractEntry nan_callbacks.h
296 silly gunzTarPerm modified mode [ 'nan_callbacks.h', 436, 438 ]
297 silly gunzTarPerm extractEntry nan_converters_43_inl.h
298 silly gunzTarPerm modified mode [ 'nan_converters_43_inl.h', 436, 438 ]
299 silly gunzTarPerm extractEntry nan_converters_pre_43_inl.h
300 silly gunzTarPerm modified mode [ 'nan_converters_pre_43_inl.h', 436, 438 ]
301 silly gunzTarPerm extractEntry nan_converters.h
302 silly gunzTarPerm modified mode [ 'nan_converters.h', 436, 438 ]
303 silly gunzTarPerm extractEntry nan_define_own_property_helper.h
304 silly gunzTarPerm modified mode [ 'nan_define_own_property_helper.h', 436, 438 ]
305 silly gunzTarPerm extractEntry nan_implementation_12_inl.h
306 silly gunzTarPerm modified mode [ 'nan_implementation_12_inl.h', 436, 438 ]
307 silly gunzTarPerm extractEntry nan_implementation_pre_12_inl.h
308 silly gunzTarPerm modified mode [ 'nan_implementation_pre_12_inl.h', 436, 438 ]
309 silly gunzTarPerm extractEntry nan_json.h
310 silly gunzTarPerm modified mode [ 'nan_json.h', 436, 438 ]
311 silly gunzTarPerm extractEntry nan_maybe_43_inl.h
312 silly gunzTarPerm modified mode [ 'nan_maybe_43_inl.h', 436, 438 ]
313 silly gunzTarPerm extractEntry nan_maybe_pre_43_inl.h
314 silly gunzTarPerm modified mode [ 'nan_maybe_pre_43_inl.h', 436, 438 ]
315 silly gunzTarPerm extractEntry nan_new.h
316 silly gunzTarPerm modified mode [ 'nan_new.h', 436, 438 ]
317 silly gunzTarPerm extractEntry nan_object_wrap.h
318 silly gunzTarPerm modified mode [ 'nan_object_wrap.h', 436, 438 ]
319 silly gunzTarPerm extractEntry nan_persistent_12_inl.h
320 silly gunzTarPerm modified mode [ 'nan_persistent_12_inl.h', 436, 438 ]
321 silly gunzTarPerm extractEntry nan_persistent_pre_12_inl.h
322 silly gunzTarPerm modified mode [ 'nan_persistent_pre_12_inl.h', 436, 438 ]
323 silly gunzTarPerm extractEntry nan_private.h
324 silly gunzTarPerm modified mode [ 'nan_private.h', 436, 438 ]
325 silly gunzTarPerm extractEntry nan_string_bytes.h
326 silly gunzTarPerm modified mode [ 'nan_string_bytes.h', 436, 438 ]
327 silly gunzTarPerm extractEntry nan_typedarray_contents.h
328 silly gunzTarPerm modified mode [ 'nan_typedarray_contents.h', 436, 438 ]
329 silly gunzTarPerm extractEntry nan_weak.h
330 silly gunzTarPerm modified mode [ 'nan_weak.h', 436, 438 ]
331 silly gunzTarPerm extractEntry nan.h
332 silly gunzTarPerm modified mode [ 'nan.h', 436, 438 ]
333 silly gunzTarPerm extractEntry README.md
334 silly gunzTarPerm modified mode [ 'README.md', 436, 438 ]
335 silly gunzTarPerm extractEntry doc/asyncworker.md
336 silly gunzTarPerm modified mode [ 'doc/asyncworker.md', 436, 438 ]
337 silly gunzTarPerm extractEntry doc/buffers.md
338 silly gunzTarPerm modified mode [ 'doc/buffers.md', 436, 438 ]
339 silly gunzTarPerm extractEntry doc/callback.md
340 silly gunzTarPerm modified mode [ 'doc/callback.md', 436, 438 ]
341 silly gunzTarPerm extractEntry doc/converters.md
342 silly gunzTarPerm modified mode [ 'doc/converters.md', 436, 438 ]
343 silly gunzTarPerm extractEntry doc/errors.md
344 silly gunzTarPerm modified mode [ 'doc/errors.md', 436, 438 ]
345 silly gunzTarPerm extractEntry doc/json.md
346 silly gunzTarPerm modified mode [ 'doc/json.md', 436, 438 ]
347 silly gunzTarPerm extractEntry doc/maybe_types.md
348 silly gunzTarPerm modified mode [ 'doc/maybe_types.md', 436, 438 ]
349 silly gunzTarPerm extractEntry doc/methods.md
350 silly gunzTarPerm modified mode [ 'doc/methods.md', 436, 438 ]
351 silly gunzTarPerm extractEntry doc/new.md
352 silly gunzTarPerm modified mode [ 'doc/new.md', 436, 438 ]
353 silly gunzTarPerm extractEntry doc/node_misc.md
354 silly gunzTarPerm modified mode [ 'doc/node_misc.md', 436, 438 ]
355 silly gunzTarPerm extractEntry doc/object_wrappers.md
356 silly gunzTarPerm modified mode [ 'doc/object_wrappers.md', 436, 438 ]
357 silly gunzTarPerm extractEntry doc/persistent.md
358 silly gunzTarPerm modified mode [ 'doc/persistent.md', 436, 438 ]
359 silly gunzTarPerm extractEntry doc/scopes.md
360 silly gunzTarPerm modified mode [ 'doc/scopes.md', 436, 438 ]
361 silly gunzTarPerm extractEntry doc/script.md
362 silly gunzTarPerm modified mode [ 'doc/script.md', 436, 438 ]
363 silly gunzTarPerm extractEntry doc/string_bytes.md
364 silly gunzTarPerm modified mode [ 'doc/string_bytes.md', 436, 438 ]
365 silly gunzTarPerm extractEntry doc/v8_internals.md
366 silly gunzTarPerm modified mode [ 'doc/v8_internals.md', 436, 438 ]
367 silly gunzTarPerm extractEntry doc/v8_misc.md
368 silly gunzTarPerm modified mode [ 'doc/v8_misc.md', 436, 438 ]
369 silly gunzTarPerm extractEntry tools/1to2.js
370 silly gunzTarPerm modified mode [ 'tools/1to2.js', 509, 511 ]
371 silly gunzTarPerm extractEntry tools/package.json
372 silly gunzTarPerm modified mode [ 'tools/package.json', 436, 438 ]
373 silly gunzTarPerm extractEntry tools/README.md
374 silly gunzTarPerm modified mode [ 'tools/README.md', 436, 438 ]
375 verbose write writing to D:\develop\exp\jieba\node_modules\nodejieba\node_modules\nan\package.json
376 info preinstall nan@2.14.1
377 verbose readDependencies loading dependencies from D:\develop\exp\jieba\node_modules\nodejieba\node_modules\nan\package.json
378 verbose readDependencies loading dependencies from D:\develop\exp\jieba\node_modules\nodejieba\node_modules\nan\package.json
379 silly install resolved []
380 verbose about to build D:\develop\exp\jieba\node_modules\nodejieba\node_modules\nan
381 info build D:\develop\exp\jieba\node_modules\nodejieba\node_modules\nan
382 info linkStuff nan@2.14.1
383 silly linkStuff nan@2.14.1 has D:\develop\exp\jieba\node_modules\nodejieba\node_modules as its parent node_modules
384 verbose linkBins nan@2.14.1
385 verbose linkMans nan@2.14.1
386 verbose rebuildBundles nan@2.14.1
387 info install nan@2.14.1
388 info postinstall nan@2.14.1
389 verbose unlock done using C:\Users\win7\AppData\Roaming\npm-cache\_locks\nan-37ff0ed4b42e29c8.lock for D:\develop\exp\jieba\node_modules\nodejieba\node_modules\nan
390 verbose about to build D:\develop\exp\jieba\node_modules\nodejieba
391 info build D:\develop\exp\jieba\node_modules\nodejieba
392 info linkStuff nodejieba@2.4.1
393 silly linkStuff nodejieba@2.4.1 has D:\develop\exp\jieba\node_modules as its parent node_modules
394 verbose linkBins nodejieba@2.4.1
395 verbose linkMans nodejieba@2.4.1
396 verbose rebuildBundles nodejieba@2.4.1
397 verbose rebuildBundles [ 'nan' ]
398 info install nodejieba@2.4.1
399 verbose unsafe-perm in lifecycle true
400 info nodejieba@2.4.1 Failed to exec install script
401 verbose unlock done using C:\Users\win7\AppData\Roaming\npm-cache\_locks\nodejieba-a282eca62b4e3092.lock for D:\develop\exp\jieba\node_modules\nodejieba
402 verbose stack Error: nodejieba@2.4.1 install: `node-pre-gyp install --fallback-to-build`
402 verbose stack Exit status 1
402 verbose stack     at EventEmitter.<anonymous> (C:\Users\win7\AppData\Roaming\npm\node_modules\npm\lib\utils\lifecycle.js:217:16)
402 verbose stack     at EventEmitter.emit (events.js:182:13)
402 verbose stack     at ChildProcess.<anonymous> (C:\Users\win7\AppData\Roaming\npm\node_modules\npm\lib\utils\spawn.js:24:14)
402 verbose stack     at ChildProcess.emit (events.js:182:13)
402 verbose stack     at maybeClose (internal/child_process.js:962:16)
402 verbose stack     at Process.ChildProcess._handle.onexit (internal/child_process.js:251:5)
403 verbose pkgid nodejieba@2.4.1
404 verbose cwd D:\develop\exp\jieba
405 error Windows_NT 6.1.7601
406 error argv "C:\\Program Files\\nodejs\\node.exe" "C:\\Users\\win7\\AppData\\Roaming\\npm\\node_modules\\npm\\bin\\npm-cli.js" "install" "nodejieba"
407 error node v10.13.0
408 error npm  v2.15.9
409 error code ELIFECYCLE
410 error nodejieba@2.4.1 install: `node-pre-gyp install --fallback-to-build`
410 error Exit status 1
411 error Failed at the nodejieba@2.4.1 install script 'node-pre-gyp install --fallback-to-build'.
411 error This is most likely a problem with the nodejieba package,
411 error not with npm itself.
411 error Tell the author that this fails on your system:
411 error     node-pre-gyp install --fallback-to-build
411 error You can get information on how to open an issue for this project with:
411 error     npm bugs nodejieba
411 error Or if that isn't available, you can get their info via:
411 error
411 error     npm owner ls nodejieba
411 error There is likely additional logging output above.
412 verbose exit [ 1, true ]
413 verbose unbuild node_modules\nodejieba
414 info preuninstall nodejieba@2.4.1
415 info uninstall nodejieba@2.4.1
416 verbose unbuild rmStuff nodejieba@2.4.1 from D:\develop\exp\jieba\node_modules
417 info postuninstall nodejieba@2.4.1
418 silly gentlyRm D:\develop\exp\jieba\node_modules\nodejieba is being purged from base D:\develop\exp\jieba
419 verbose gentlyRm don't care about contents; nuking D:\develop\exp\jieba\node_modules\nodejieba
420 silly vacuum-fs purging D:\develop\exp\jieba\node_modules\nodejieba
421 silly vacuum-fs quitting because other entries in D:\develop\exp\jieba\node_modules
